21.5 21.2 256 1.0
21.1 21.1 1024 1.0
22.2 24.3 2048 1.1
23.1 23.0 4096 1.0
23.4 23.3 8192 1.0
22.9 22.4 16384 1.0
22.3 22.3 32768 1.0
22.4 24.9 49152 1.1
22.9 25.5 65536 1.1
22.2 24.3 81920 1.1
21.7 25.5 98304 1.2
22.9 25.6 114688 1.1
21.9 27.8 131072 1.3
21.9 30.0 163840 1.4
22.5 34.7 196608 1.5
21.9 30.8 229376 1.4
22.4 35.4 262144 1.6
22.4 44.2 294912 2.0
22.5 47.2 327680 2.1
22.7 49.4 360448 2.2
22.6 60.1 524288 2.7
21.7 80.1 1048576 3.7
21.4 97.5 2097152 4.5
21.4 114.0 4194304 5.3
21.1 119.9 5242880 5.7
21.1 124.4 6291456 5.9
21.2 138.4 7340032 6.5
21.1 166.0 8388608 7.9
21.2 182.9 9437184 8.6
21.0 196.0 10485760 9.3
21.0 213.0 11534336 10.1
21.0 242.9 12582912 11.5
21.1 320.5 16777216 15.2
20.8 538.2 33554432 25.8
20.8 824.8 67108864 39.6
19.7 1114.7 134217728 56.3
19.8 1202.5 201326592 60.5
21.4 1165.8 268435456 54.5
